2022-07-21 15:04:52.677 ERROR 24148 --- [http-nio-9999-exec-6] c.a.storage.advice.GlobalExceptionHandlerAdvice - 异常捕获信息：null
2022-07-21 15:18:44.576 ERROR 27248 --- [main] org.springframework.boot.SpringApplication - Application run failed
org.springframework.context.ApplicationContextException: Failed to start bean 'documentationPluginsBootstrapper'; nested exception is java.lang.NullPointerException
	at org.springframework.context.support.DefaultLifecycleProcessor.doStart(DefaultLifecycleProcessor.java:181)
	at org.springframework.context.support.DefaultLifecycleProcessor.access$200(DefaultLifecycleProcessor.java:54)
	at org.springframework.context.support.DefaultLifecycleProcessor$LifecycleGroup.start(DefaultLifecycleProcessor.java:356)
	at java.lang.Iterable.forEach(Iterable.java:75)
	at org.springframework.context.support.DefaultLifecycleProcessor.startBeans(DefaultLifecycleProcessor.java:155)
	at org.springframework.context.support.DefaultLifecycleProcessor.onRefresh(DefaultLifecycleProcessor.java:123)
	at org.springframework.context.support.AbstractApplicationContext.finishRefresh(AbstractApplicationContext.java:935)
	at org.springframework.context.support.AbstractApplicationContext.refresh(AbstractApplicationContext.java:586)
	at org.springframework.boot.web.servlet.context.ServletWebServerApplicationContext.refresh(ServletWebServerApplicationContext.java:147)
	at org.springframework.boot.SpringApplication.refresh(SpringApplication.java:734)
	at org.springframework.boot.SpringApplication.refreshContext(SpringApplication.java:408)
	at org.springframework.boot.SpringApplication.run(SpringApplication.java:308)
	at org.springframework.boot.SpringApplication.run(SpringApplication.java:1306)
	at org.springframework.boot.SpringApplication.run(SpringApplication.java:1295)
	at com.al_tair.storage.StorageApplication.main(StorageApplication.java:14)
Caused by: java.lang.NullPointerException: null
	at springfox.documentation.spring.web.WebMvcPatternsRequestConditionWrapper.getPatterns(WebMvcPatternsRequestConditionWrapper.java:56)
	at springfox.documentation.RequestHandler.sortedPaths(RequestHandler.java:113)
	at springfox.documentation.spi.service.contexts.Orderings.lambda$byPatternsCondition$3(Orderings.java:89)
	at java.util.Comparator.lambda$comparing$77a9974f$1(Comparator.java:469)
	at java.util.TimSort.countRunAndMakeAscending(TimSort.java:355)
	at java.util.TimSort.sort(TimSort.java:220)
	at java.util.Arrays.sort(Arrays.java:1512)
	at java.util.ArrayList.sort(ArrayList.java:1464)
	at java.util.stream.SortedOps$RefSortingSink.end(SortedOps.java:392)
	at java.util.stream.Sink$ChainedReference.end(Sink.java:258)
	at java.util.stream.Sink$ChainedReference.end(Sink.java:258)
	at java.util.stream.Sink$ChainedReference.end(Sink.java:258)
	at java.util.stream.Sink$ChainedReference.end(Sink.java:258)
	at java.util.stream.AbstractPipeline.copyInto(AbstractPipeline.java:483)
	at java.util.stream.AbstractPipeline.wrapAndCopyInto(AbstractPipeline.java:472)
	at java.util.stream.ReduceOps$ReduceOp.evaluateSequential(ReduceOps.java:708)
	at java.util.stream.AbstractPipeline.evaluate(AbstractPipeline.java:234)
	at java.util.stream.ReferencePipeline.collect(ReferencePipeline.java:566)
	at springfox.documentation.spring.web.plugins.WebMvcRequestHandlerProvider.requestHandlers(WebMvcRequestHandlerProvider.java:81)
	at java.util.stream.ReferencePipeline$3$1.accept(ReferencePipeline.java:193)
	at java.util.ArrayList$ArrayListSpliterator.forEachRemaining(ArrayList.java:1384)
	at java.util.stream.AbstractPipeline.copyInto(AbstractPipeline.java:482)
	at java.util.stream.AbstractPipeline.wrapAndCopyInto(AbstractPipeline.java:472)
	at java.util.stream.ReduceOps$ReduceOp.evaluateSequential(ReduceOps.java:708)
	at java.util.stream.AbstractPipeline.evaluate(AbstractPipeline.java:234)
	at java.util.stream.ReferencePipeline.collect(ReferencePipeline.java:566)
	at springfox.documentation.spring.web.plugins.AbstractDocumentationPluginsBootstrapper.withDefaults(AbstractDocumentationPluginsBootstrapper.java:107)
	at springfox.documentation.spring.web.plugins.AbstractDocumentationPluginsBootstrapper.buildContext(AbstractDocumentationPluginsBootstrapper.java:91)
	at springfox.documentation.spring.web.plugins.AbstractDocumentationPluginsBootstrapper.bootstrapDocumentationPlugins(AbstractDocumentationPluginsBootstrapper.java:82)
	at springfox.documentation.spring.web.plugins.DocumentationPluginsBootstrapper.start(DocumentationPluginsBootstrapper.java:100)
	at org.springframework.context.support.DefaultLifecycleProcessor.doStart(DefaultLifecycleProcessor.java:178)
	... 14 common frames omitted
2022-07-21 19:13:28.830 ERROR 14320 --- [http-nio-9999-exec-1] com.al_tair.storage.controller.UserController - 解码异常
2022-07-21 19:13:28.884 ERROR 14320 --- [http-nio-9999-exec-2] com.al_tair.storage.controller.UserController - 解码异常
2022-07-21 19:13:54.683 ERROR 14320 --- [http-nio-9999-exec-3] com.al_tair.storage.controller.UserController - 解码异常
2022-07-21 19:13:55.714 ERROR 14320 --- [http-nio-9999-exec-4] com.al_tair.storage.controller.UserController - 解码异常
2022-07-21 19:13:56.933 ERROR 14320 --- [http-nio-9999-exec-5] com.al_tair.storage.controller.UserController - 解码异常
2022-07-21 19:13:57.979 ERROR 14320 --- [http-nio-9999-exec-6] com.al_tair.storage.controller.UserController - 解码异常
2022-07-21 19:16:32.550 ERROR 14320 --- [http-nio-9999-exec-2] com.al_tair.storage.controller.UserController - 解码异常
2022-07-21 19:16:36.348 ERROR 14320 --- [http-nio-9999-exec-9] com.al_tair.storage.controller.UserController - 解码异常
2022-07-21 19:16:36.599 ERROR 14320 --- [http-nio-9999-exec-4] com.al_tair.storage.controller.UserController - 解码异常
2022-07-21 19:16:37.434 ERROR 14320 --- [http-nio-9999-exec-5] com.al_tair.storage.controller.UserController - 解码异常
2022-07-21 19:16:39.031 ERROR 14320 --- [http-nio-9999-exec-3] com.al_tair.storage.controller.UserController - 解码异常
2022-07-21 19:16:39.638 ERROR 14320 --- [http-nio-9999-exec-6] com.al_tair.storage.controller.UserController - 解码异常
2022-07-21 19:16:40.357 ERROR 14320 --- [http-nio-9999-exec-8] com.al_tair.storage.controller.UserController - 解码异常
2022-07-21 19:16:41.319 ERROR 14320 --- [http-nio-9999-exec-10] com.al_tair.storage.controller.UserController - 解码异常
2022-07-21 19:16:42.380 ERROR 14320 --- [http-nio-9999-exec-7] com.al_tair.storage.controller.UserController - 解码异常
2022-07-21 19:16:43.003 ERROR 14320 --- [http-nio-9999-exec-1] com.al_tair.storage.controller.UserController - 解码异常
2022-07-21 19:16:46.704 ERROR 14320 --- [http-nio-9999-exec-2] com.al_tair.storage.controller.UserController - 解码异常
