2022-07-22 08:57:31.782 INFO  10128 --- [main] com.al_tair.storage.StorageApplication - Starting StorageApplication on LAPTOP-EINLAL7G with PID 10128 (E:\Java\javaBigProject\StorageProject\storage\target\classes started by Ushop in E:\Java\javaBigProject\StorageProject\storage)
2022-07-22 08:57:31.782 INFO  10128 --- [main] com.al_tair.storage.StorageApplication - No active profile set, falling back to default profiles: default
2022-07-22 08:57:32.884 INFO  10128 --- [main] o.s.d.r.config.RepositoryConfigurationDelegate - Multiple Spring Data modules found, entering strict repository configuration mode!
2022-07-22 08:57:32.884 INFO  10128 --- [main] o.s.d.r.config.RepositoryConfigurationDelegate - Bootstrapping Spring Data JDBC repositories in DEFAULT mode.
2022-07-22 08:57:32.915 INFO  10128 --- [main] o.s.d.r.config.RepositoryConfigurationDelegate - Finished Spring Data repository scanning in 22ms. Found 0 JDBC repository interfaces.
2022-07-22 08:57:32.925 INFO  10128 --- [main] o.s.d.r.config.RepositoryConfigurationDelegate - Multiple Spring Data modules found, entering strict repository configuration mode!
2022-07-22 08:57:32.925 INFO  10128 --- [main] o.s.d.r.config.RepositoryConfigurationDelegate - Bootstrapping Spring Data JPA repositories in DEFAULT mode.
2022-07-22 08:57:32.935 INFO  10128 --- [main] o.s.d.r.config.RepositoryConfigurationDelegate - Finished Spring Data repository scanning in 7ms. Found 0 JPA repository interfaces.
2022-07-22 08:57:33.637 INFO  10128 --- [main] o.s.boot.web.embedded.tomcat.TomcatWebServer - Tomcat initialized with port(s): 9999 (http)
2022-07-22 08:57:33.647 INFO  10128 --- [main] org.apache.coyote.http11.Http11NioProtocol - Initializing ProtocolHandler ["http-nio-9999"]
2022-07-22 08:57:33.647 INFO  10128 --- [main] org.apache.catalina.core.StandardService - Starting service [Tomcat]
2022-07-22 08:57:33.647 INFO  10128 --- [main] org.apache.catalina.core.StandardEngine - Starting Servlet engine: [Apache Tomcat/9.0.41]
2022-07-22 08:57:33.657 INFO  10128 --- [main] org.apache.catalina.core.AprLifecycleListener - An older version [1.2.16] of the Apache Tomcat Native library is installed, while Tomcat recommends a minimum version of [1.2.23]
2022-07-22 08:57:33.657 INFO  10128 --- [main] org.apache.catalina.core.AprLifecycleListener - Loaded Apache Tomcat Native library [1.2.16] using APR version [1.6.3].
2022-07-22 08:57:33.657 INFO  10128 --- [main] org.apache.catalina.core.AprLifecycleListener - APR capabilities: IPv6 [true], sendfile [true], accept filters [false], random [true].
2022-07-22 08:57:33.657 INFO  10128 --- [main] org.apache.catalina.core.AprLifecycleListener - APR/OpenSSL configuration: useAprConnector [false], useOpenSSL [true]
2022-07-22 08:57:34.730 INFO  10128 --- [main] org.apache.catalina.core.AprLifecycleListener - OpenSSL successfully initialized [OpenSSL 1.0.2m  2 Nov 2017]
2022-07-22 08:57:34.860 INFO  10128 --- [main] o.a.c.core.ContainerBase.[Tomcat].[localhost].[/] - Initializing Spring embedded WebApplicationContext
2022-07-22 08:57:34.860 INFO  10128 --- [main] o.s.b.w.s.c.ServletWebServerApplicationContext - Root WebApplicationContext: initialization completed in 3018 ms
2022-07-22 08:57:35.151 INFO  10128 --- [main] org.hibernate.jpa.internal.util.LogHelper - HHH000204: Processing PersistenceUnitInfo [name: default]
2022-07-22 08:57:35.241 INFO  10128 --- [main] org.hibernate.Version - HHH000412: Hibernate ORM core version 5.4.25.Final
2022-07-22 08:57:35.541 INFO  10128 --- [main] org.hibernate.annotations.common.Version - HCANN000001: Hibernate Commons Annotations {5.1.2.Final}
2022-07-22 08:57:35.692 INFO  10128 --- [main] com.zaxxer.hikari.HikariDataSource - HikariPool-1 - Starting...
2022-07-22 08:57:36.216 INFO  10128 --- [main] com.zaxxer.hikari.HikariDataSource - HikariPool-1 - Start completed.
2022-07-22 08:57:36.236 INFO  10128 --- [main] org.hibernate.dialect.Dialect - HHH000400: Using dialect: org.hibernate.dialect.MySQL5InnoDBDialect
2022-07-22 08:57:37.200 INFO  10128 --- [main] o.h.e.t.jta.platform.internal.JtaPlatformInitiator - HHH000490: Using JtaPlatform implementation: [org.hibernate.engine.transaction.jta.platform.internal.NoJtaPlatform]
2022-07-22 08:57:37.210 INFO  10128 --- [main] o.s.orm.jpa.LocalContainerEntityManagerFactoryBean - Initialized JPA EntityManagerFactory for persistence unit 'default'
2022-07-22 08:57:41.289 WARN  10128 --- [main] o.s.b.a.o.j.JpaBaseConfiguration$JpaWebConfiguration - spring.jpa.open-in-view is enabled by default. Therefore, database queries may be performed during view rendering. Explicitly configure spring.jpa.open-in-view to disable this warning
2022-07-22 08:57:41.939 INFO  10128 --- [main] o.s.scheduling.concurrent.ThreadPoolTaskExecutor - Initializing ExecutorService 'applicationTaskExecutor'
2022-07-22 08:57:42.784 INFO  10128 --- [main] org.apache.coyote.http11.Http11NioProtocol - Starting ProtocolHandler ["http-nio-9999"]
2022-07-22 08:57:42.860 INFO  10128 --- [main] o.s.boot.web.embedded.tomcat.TomcatWebServer - Tomcat started on port(s): 9999 (http) with context path ''
2022-07-22 08:57:44.117 INFO  10128 --- [main] com.al_tair.storage.StorageApplication - Started StorageApplication in 12.794 seconds (JVM running for 15.185)
2022-07-22 08:57:45.496 INFO  10128 --- [http-nio-9999-exec-5] o.a.c.core.ContainerBase.[Tomcat].[localhost].[/] - Initializing Spring DispatcherServlet 'dispatcherServlet'
2022-07-22 08:57:45.496 INFO  10128 --- [http-nio-9999-exec-5] org.springframework.web.servlet.DispatcherServlet - Initializing Servlet 'dispatcherServlet'
2022-07-22 08:57:45.516 INFO  10128 --- [http-nio-9999-exec-5] org.springframework.web.servlet.DispatcherServlet - Completed initialization in 20 ms
2022-07-22 08:57:45.963 ERROR 10128 --- [http-nio-9999-exec-5] com.al_tair.storage.controller.UserController - 解码异常
2022-07-22 08:57:46.077 ERROR 10128 --- [http-nio-9999-exec-6] com.al_tair.storage.controller.UserController - 解码异常
2022-07-22 23:44:10.552 INFO  3392 --- [main] com.al_tair.storage.StorageApplication - Starting StorageApplication on LAPTOP-EINLAL7G with PID 3392 (E:\Java\javaBigProject\StorageProject\storage\target\classes started by Ushop in E:\Java\javaBigProject\StorageProject\storage)
2022-07-22 23:44:10.556 INFO  3392 --- [main] com.al_tair.storage.StorageApplication - No active profile set, falling back to default profiles: default
2022-07-22 23:44:11.464 INFO  3392 --- [main] o.s.d.r.config.RepositoryConfigurationDelegate - Multiple Spring Data modules found, entering strict repository configuration mode!
2022-07-22 23:44:11.465 INFO  3392 --- [main] o.s.d.r.config.RepositoryConfigurationDelegate - Bootstrapping Spring Data JDBC repositories in DEFAULT mode.
2022-07-22 23:44:11.491 INFO  3392 --- [main] o.s.d.r.config.RepositoryConfigurationDelegate - Finished Spring Data repository scanning in 20ms. Found 0 JDBC repository interfaces.
2022-07-22 23:44:11.503 INFO  3392 --- [main] o.s.d.r.config.RepositoryConfigurationDelegate - Multiple Spring Data modules found, entering strict repository configuration mode!
2022-07-22 23:44:11.504 INFO  3392 --- [main] o.s.d.r.config.RepositoryConfigurationDelegate - Bootstrapping Spring Data JPA repositories in DEFAULT mode.
2022-07-22 23:44:11.519 INFO  3392 --- [main] o.s.d.r.config.RepositoryConfigurationDelegate - Finished Spring Data repository scanning in 9ms. Found 0 JPA repository interfaces.
2022-07-22 23:44:12.250 INFO  3392 --- [main] o.s.boot.web.embedded.tomcat.TomcatWebServer - Tomcat initialized with port(s): 9999 (http)
2022-07-22 23:44:12.260 INFO  3392 --- [main] org.apache.coyote.http11.Http11NioProtocol - Initializing ProtocolHandler ["http-nio-9999"]
2022-07-22 23:44:12.261 INFO  3392 --- [main] org.apache.catalina.core.StandardService - Starting service [Tomcat]
2022-07-22 23:44:12.261 INFO  3392 --- [main] org.apache.catalina.core.StandardEngine - Starting Servlet engine: [Apache Tomcat/9.0.41]
2022-07-22 23:44:12.262 INFO  3392 --- [main] org.apache.catalina.core.AprLifecycleListener - An older version [1.2.16] of the Apache Tomcat Native library is installed, while Tomcat recommends a minimum version of [1.2.23]
2022-07-22 23:44:12.263 INFO  3392 --- [main] org.apache.catalina.core.AprLifecycleListener - Loaded Apache Tomcat Native library [1.2.16] using APR version [1.6.3].
2022-07-22 23:44:12.264 INFO  3392 --- [main] org.apache.catalina.core.AprLifecycleListener - APR capabilities: IPv6 [true], sendfile [true], accept filters [false], random [true].
2022-07-22 23:44:12.264 INFO  3392 --- [main] org.apache.catalina.core.AprLifecycleListener - APR/OpenSSL configuration: useAprConnector [false], useOpenSSL [true]
2022-07-22 23:44:13.330 INFO  3392 --- [main] org.apache.catalina.core.AprLifecycleListener - OpenSSL successfully initialized [OpenSSL 1.0.2m  2 Nov 2017]
2022-07-22 23:44:13.424 INFO  3392 --- [main] o.a.c.core.ContainerBase.[Tomcat].[localhost].[/] - Initializing Spring embedded WebApplicationContext
2022-07-22 23:44:13.425 INFO  3392 --- [main] o.s.b.w.s.c.ServletWebServerApplicationContext - Root WebApplicationContext: initialization completed in 2815 ms
2022-07-22 23:44:13.643 INFO  3392 --- [main] org.hibernate.jpa.internal.util.LogHelper - HHH000204: Processing PersistenceUnitInfo [name: default]
2022-07-22 23:44:13.702 INFO  3392 --- [main] org.hibernate.Version - HHH000412: Hibernate ORM core version 5.4.25.Final
2022-07-22 23:44:13.841 INFO  3392 --- [main] org.hibernate.annotations.common.Version - HCANN000001: Hibernate Commons Annotations {5.1.2.Final}
2022-07-22 23:44:14.028 INFO  3392 --- [main] com.zaxxer.hikari.HikariDataSource - HikariPool-1 - Starting...
2022-07-22 23:44:14.487 INFO  3392 --- [main] com.zaxxer.hikari.HikariDataSource - HikariPool-1 - Start completed.
2022-07-22 23:44:14.503 INFO  3392 --- [main] org.hibernate.dialect.Dialect - HHH000400: Using dialect: org.hibernate.dialect.MySQL5InnoDBDialect
2022-07-22 23:44:15.212 INFO  3392 --- [main] o.h.e.t.jta.platform.internal.JtaPlatformInitiator - HHH000490: Using JtaPlatform implementation: [org.hibernate.engine.transaction.jta.platform.internal.NoJtaPlatform]
2022-07-22 23:44:15.220 INFO  3392 --- [main] o.s.orm.jpa.LocalContainerEntityManagerFactoryBean - Initialized JPA EntityManagerFactory for persistence unit 'default'
2022-07-22 23:44:17.782 WARN  3392 --- [main] o.s.b.a.o.j.JpaBaseConfiguration$JpaWebConfiguration - spring.jpa.open-in-view is enabled by default. Therefore, database queries may be performed during view rendering. Explicitly configure spring.jpa.open-in-view to disable this warning
2022-07-22 23:44:18.047 INFO  3392 --- [main] o.s.scheduling.concurrent.ThreadPoolTaskExecutor - Initializing ExecutorService 'applicationTaskExecutor'
2022-07-22 23:44:18.348 INFO  3392 --- [main] org.apache.coyote.http11.Http11NioProtocol - Starting ProtocolHandler ["http-nio-9999"]
2022-07-22 23:44:18.384 INFO  3392 --- [main] o.s.boot.web.embedded.tomcat.TomcatWebServer - Tomcat started on port(s): 9999 (http) with context path ''
2022-07-22 23:44:18.875 INFO  3392 --- [main] com.al_tair.storage.StorageApplication - Started StorageApplication in 8.821 seconds (JVM running for 11.06)
2022-07-22 23:44:21.895 INFO  3392 --- [http-nio-9999-exec-1] o.a.c.core.ContainerBase.[Tomcat].[localhost].[/] - Initializing Spring DispatcherServlet 'dispatcherServlet'
2022-07-22 23:44:21.895 INFO  3392 --- [http-nio-9999-exec-1] org.springframework.web.servlet.DispatcherServlet - Initializing Servlet 'dispatcherServlet'
2022-07-22 23:44:21.907 INFO  3392 --- [http-nio-9999-exec-1] org.springframework.web.servlet.DispatcherServlet - Completed initialization in 12 ms
2022-07-22 23:44:22.086 ERROR 3392 --- [http-nio-9999-exec-1] com.al_tair.storage.controller.UserController - 解码异常
2022-07-22 23:44:22.165 ERROR 3392 --- [http-nio-9999-exec-2] com.al_tair.storage.controller.UserController - 解码异常
2022-07-22 23:46:06.667 INFO  3392 --- [Thread-12] c.al_tair.storage.service.impl.UserFileServiceImpl - 查询文件路径：/lns/
2022-07-22 23:46:06.674 INFO  3392 --- [Thread-13] c.al_tair.storage.service.impl.UserFileServiceImpl - 查询文件路径：///
